0 info it worked if it ends with ok
1 verbose cli [ '/usr/local/bin/node',
1 verbose cli   '/usr/local/bin/npm',
1 verbose cli   'install',
1 verbose cli   '-g',
1 verbose cli   'grunt-cli' ]
2 info using npm@2.14.12
3 info using node@v4.3.0
4 verbose install initial load of /usr/local/lib/package.json
5 verbose readDependencies loading dependencies from /usr/local/lib/package.json
6 silly cache add args [ 'grunt-cli', null ]
7 verbose cache add spec grunt-cli
8 silly cache add parsed spec Result {
8 silly cache add   raw: 'grunt-cli',
8 silly cache add   scope: null,
8 silly cache add   name: 'grunt-cli',
8 silly cache add   rawSpec: '',
8 silly cache add   spec: 'latest',
8 silly cache add   type: 'tag' }
9 silly addNamed grunt-cli@latest
10 verbose addNamed "latest" is being treated as a dist-tag for grunt-cli
11 info addNameTag [ 'grunt-cli', 'latest' ]
12 silly mapToRegistry name grunt-cli
13 silly mapToRegistry using default registry
14 silly mapToRegistry registry https://registry.npmjs.org/
15 silly mapToRegistry uri https://registry.npmjs.org/grunt-cli
16 verbose addNameTag registry:https://registry.npmjs.org/grunt-cli not in flight; fetching
17 verbose request uri https://registry.npmjs.org/grunt-cli
18 verbose request no auth needed
19 info attempt registry request try #1 at 10:32:00 PM
20 verbose request id 68128bbb38a3e68b
21 http request GET https://registry.npmjs.org/grunt-cli
22 http 200 https://registry.npmjs.org/grunt-cli
23 verbose headers { server: 'CouchDB/1.5.0 (Erlang OTP/R16B03)',
23 verbose headers   etag: '"86QXY444K7EB5HEDMGLI7AQ5Q"',
23 verbose headers   'content-type': 'application/json',
23 verbose headers   'cache-control': 'max-age=300',
23 verbose headers   'content-length': '24101',
23 verbose headers   'accept-ranges': 'bytes',
23 verbose headers   date: 'Tue, 16 Feb 2016 03:32:00 GMT',
23 verbose headers   via: '1.1 varnish',
23 verbose headers   age: '72',
23 verbose headers   connection: 'keep-alive',
23 verbose headers   'x-served-by': 'cache-atl6224-ATL',
23 verbose headers   'x-cache': 'HIT',
23 verbose headers   'x-cache-hits': '1',
23 verbose headers   'x-timer': 'S1455593520.770653,VS0,VE0',
23 verbose headers   vary: 'Accept' }
24 silly get cb [ 200,
24 silly get   { server: 'CouchDB/1.5.0 (Erlang OTP/R16B03)',
24 silly get     etag: '"86QXY444K7EB5HEDMGLI7AQ5Q"',
24 silly get     'content-type': 'application/json',
24 silly get     'cache-control': 'max-age=300',
24 silly get     'content-length': '24101',
24 silly get     'accept-ranges': 'bytes',
24 silly get     date: 'Tue, 16 Feb 2016 03:32:00 GMT',
24 silly get     via: '1.1 varnish',
24 silly get     age: '72',
24 silly get     connection: 'keep-alive',
24 silly get     'x-served-by': 'cache-atl6224-ATL',
24 silly get     'x-cache': 'HIT',
24 silly get     'x-cache-hits': '1',
24 silly get     'x-timer': 'S1455593520.770653,VS0,VE0',
24 silly get     vary: 'Accept' } ]
25 verbose get saving grunt-cli to /Users/LiWang/.npm/registry.npmjs.org/grunt-cli/.cache.json
26 silly addNameTag next cb for grunt-cli with tag latest
27 silly addNamed grunt-cli@0.1.13
28 verbose addNamed "0.1.13" is a plain semver version for grunt-cli
29 silly mapToRegistry name grunt-cli
30 silly mapToRegistry using default registry
31 silly mapToRegistry registry https://registry.npmjs.org/
32 silly mapToRegistry uri https://registry.npmjs.org/grunt-cli
33 verbose addRemoteTarball https://registry.npmjs.org/grunt-cli/-/grunt-cli-0.1.13.tgz not in flight; adding
34 verbose addRemoteTarball [ 'https://registry.npmjs.org/grunt-cli/-/grunt-cli-0.1.13.tgz',
34 verbose addRemoteTarball   'e9ebc4047631f5012d922770c39378133cad10f4' ]
35 info retry fetch attempt 1 at 10:32:00 PM
36 info attempt registry request try #1 at 10:32:00 PM
37 http fetch GET https://registry.npmjs.org/grunt-cli/-/grunt-cli-0.1.13.tgz
38 http fetch 200 https://registry.npmjs.org/grunt-cli/-/grunt-cli-0.1.13.tgz
39 silly fetchAndShaCheck shasum e9ebc4047631f5012d922770c39378133cad10f4
40 verbose addTmpTarball /var/folders/vd/vwvxm32x27q20q2l4dfh8nj00000gn/T/npm-43268-108a6b6e/registry.npmjs.org/grunt-cli/-/grunt-cli-0.1.13.tgz not in flight; adding
41 verbose addTmpTarball already have metadata; skipping unpack for grunt-cli@0.1.13
42 silly cache afterAdd grunt-cli@0.1.13
43 verbose afterAdd /Users/LiWang/.npm/grunt-cli/0.1.13/package/package.json not in flight; writing
44 verbose afterAdd /Users/LiWang/.npm/grunt-cli/0.1.13/package/package.json written
45 silly install resolved [ { name: 'grunt-cli',
45 silly install resolved     description: 'The grunt command line interface.',
45 silly install resolved     version: '0.1.13',
45 silly install resolved     author: { name: 'Grunt Team' },
45 silly install resolved     homepage: 'http://gruntjs.com/',
45 silly install resolved     repository: { type: 'git', url: 'git://github.com/gruntjs/grunt-cli.git' },
45 silly install resolved     bugs: { url: 'http://github.com/gruntjs/grunt-cli/issues' },
45 silly install resolved     licenses: [ [Object] ],
45 silly install resolved     bin: { grunt: 'bin/grunt' },
45 silly install resolved     engines: { node: '>= 0.8.0' },
45 silly install resolved     scripts: { test: 'node bin/grunt test' },
45 silly install resolved     preferGlobal: true,
45 silly install resolved     dependencies: { nopt: '~1.0.10', 'findup-sync': '~0.1.0', resolve: '~0.3.1' },
45 silly install resolved     devDependencies: { grunt: '~0.4.0', 'grunt-contrib-jshint': '~0.2.0' },
45 silly install resolved     contributors: [ [Object], [Object], [Object], [Object] ],
45 silly install resolved     _id: 'grunt-cli@0.1.13',
45 silly install resolved     dist:
45 silly install resolved      { shasum: 'e9ebc4047631f5012d922770c39378133cad10f4',
45 silly install resolved        tarball: 'http://registry.npmjs.org/grunt-cli/-/grunt-cli-0.1.13.tgz' },
45 silly install resolved     _from: 'grunt-cli@latest',
45 silly install resolved     _npmVersion: '1.3.24',
45 silly install resolved     _npmUser: { name: 'tkellen', email: 'tyler@sleekcode.net' },
45 silly install resolved     maintainers: [ [Object] ],
45 silly install resolved     directories: {},
45 silly install resolved     _shasum: 'e9ebc4047631f5012d922770c39378133cad10f4',
45 silly install resolved     _resolved: 'https://registry.npmjs.org/grunt-cli/-/grunt-cli-0.1.13.tgz' } ]
46 info install grunt-cli@0.1.13 into /usr/local/lib
47 info installOne grunt-cli@0.1.13
48 verbose installOne of grunt-cli to /usr/local/lib not in flight; installing
49 verbose makeDirectory /Users/LiWang/.npm/_locks creation not in flight; initializing
50 silly makeDirectory /Users/LiWang/.npm/_locks uid: 501 gid: 20
51 verbose lock using /Users/LiWang/.npm/_locks/grunt-cli-58f484dab06f0a30.lock for /usr/local/lib/node_modules/grunt-cli
52 silly install write writing grunt-cli 0.1.13 to /usr/local/lib/node_modules/grunt-cli
53 verbose unbuild lib/node_modules/grunt-cli
54 silly gentlyRm /usr/local/lib/node_modules/grunt-cli is being purged from base /usr/local
55 verbose gentlyRm don't care about contents; nuking /usr/local/lib/node_modules/grunt-cli
56 verbose tar unpack /Users/LiWang/.npm/grunt-cli/0.1.13/package.tgz
57 verbose tar unpacking to /usr/local/lib/node_modules/grunt-cli
58 silly gentlyRm /usr/local/lib/node_modules/grunt-cli is being purged
59 verbose gentlyRm don't care about contents; nuking /usr/local/lib/node_modules/grunt-cli
60 silly gunzTarPerm modes [ '755', '644' ]
61 error tar.unpack untar error /Users/LiWang/.npm/grunt-cli/0.1.13/package.tgz
62 verbose unlock done using /Users/LiWang/.npm/_locks/grunt-cli-58f484dab06f0a30.lock for /usr/local/lib/node_modules/grunt-cli
63 verbose fstream_path /usr/local/lib/node_modules/grunt-cli
64 verbose fstream_type Directory
65 verbose fstream_class DirWriter
66 verbose stack Error: EACCES: permission denied, mkdir '/usr/local/lib/node_modules/grunt-cli'
66 verbose stack     at Error (native)
67 verbose fstream_stack /usr/local/lib/node_modules/npm/node_modules/fstream/lib/dir-writer.js:35:25
67 verbose fstream_stack /usr/local/lib/node_modules/npm/node_modules/mkdirp/index.js:47:53
67 verbose fstream_stack FSReqWrap.oncomplete (fs.js:82:15)
68 verbose cwd /Users/LiWang/Documents/workspace/JavaScript/freecodecamp/homePage
69 error Darwin 15.3.0
70 error argv "/usr/local/bin/node" "/usr/local/bin/npm" "install" "-g" "grunt-cli"
71 error node v4.3.0
72 error npm  v2.14.12
73 error path /usr/local/lib/node_modules/grunt-cli
74 error code EACCES
75 error errno -13
76 error syscall mkdir
77 error Error: EACCES: permission denied, mkdir '/usr/local/lib/node_modules/grunt-cli'
77 error     at Error (native)
77 error  { [Error: EACCES: permission denied, mkdir '/usr/local/lib/node_modules/grunt-cli']
77 error   errno: -13,
77 error   code: 'EACCES',
77 error   syscall: 'mkdir',
77 error   path: '/usr/local/lib/node_modules/grunt-cli',
77 error   fstream_type: 'Directory',
77 error   fstream_path: '/usr/local/lib/node_modules/grunt-cli',
77 error   fstream_class: 'DirWriter',
77 error   fstream_stack:
77 error    [ '/usr/local/lib/node_modules/npm/node_modules/fstream/lib/dir-writer.js:35:25',
77 error      '/usr/local/lib/node_modules/npm/node_modules/mkdirp/index.js:47:53',
77 error      'FSReqWrap.oncomplete (fs.js:82:15)' ] }
78 error Please try running this command again as root/Administrator.
79 verbose exit [ -13, true ]
80 verbose unbuild lib/node_modules/grunt-cli
81 silly gentlyRm /usr/local/lib/node_modules/grunt-cli is being purged from base /usr/local
82 verbose gentlyRm don't care about contents; nuking /usr/local/lib/node_modules/grunt-cli
